This file contains any messages produced by compilers while
running configure, to aid debugging if configure makes a mistake.

It was created by rogauracore configure 1.2, which was
generated by GNU Autoconf 2.69.  Invocation command line was

  $ ./configure 

## --------- ##
## Platform. ##
## --------- ##

hostname = pal
uname -m = x86_64
uname -r = 5.3.0-28-generic
uname -s = Linux
uname -v = #30~18.04.1-Ubuntu SMP Fri Jan 17 06:14:09 UTC 2020

/usr/bin/uname -p = unknown
/bin/uname -X     = unknown

/bin/arch              = unknown
/usr/bin/arch -k       = unknown
/usr/convex/getsysinfo = unknown
/usr/bin/hostinfo      = unknown
/bin/machine           = unknown
/usr/bin/oslevel       = unknown
/bin/universe          = unknown

PATH: /home/nakul/anaconda3/condabin
PATH: /home/nakul/.rvm/gems/ruby-2.6.3/bin
PATH: /home/nakul/.rvm/gems/ruby-2.6.3@global/bin
PATH: /home/nakul/.rvm/rubies/ruby-2.6.3/bin
PATH: /home/nakul/.local/bin
PATH: /usr/local/sbin
PATH: /usr/local/bin
PATH: /usr/sbin
PATH: /usr/bin
PATH: /sbin
PATH: /bin
PATH: /usr/games
PATH: /usr/local/games
PATH: /snap/bin
PATH: /home/nakul/.rvm/bin
PATH: /home/nakul/.rvm/bin


## ----------- ##
## Core tests. ##
## ----------- ##

configure:2257: checking for a BSD-compatible install
configure:2325: result: /usr/bin/install -c
configure:2336: checking whether build environment is sane
configure:2391: result: yes
configure:2542: checking for a thread-safe mkdir -p
configure:2581: result: /bin/mkdir -p
configure:2588: checking for gawk
configure:2604: found /usr/bin/gawk
configure:2615: result: gawk
configure:2626: checking whether make sets $(MAKE)
configure:2648: result: yes
configure:2677: checking whether make supports nested variables
configure:2694: result: yes
configure:2870: checking for gcc
configure:2886: found /usr/bin/gcc
configure:2897: result: gcc
configure:3126: checking for C compiler version
configure:3135: gcc --version >&5
gcc (Ubuntu 7.4.0-1ubuntu1~18.04.1) 7.4.0
Copyright (C) 2017 Free Software Foundation, Inc.
This is free software; see the source for copying conditions.  There is NO
warranty; not even for MERCHANTABILITY or FITNESS FOR A PARTICULAR PURPOSE.

configure:3146: $? = 0
configure:3135: gcc -v >&5
Using built-in specs.
COLLECT_GCC=gcc
COLLECT_LTO_WRAPPER=/usr/lib/gcc/x86_64-linux-gnu/7/lto-wrapper
OFFLOAD_TARGET_NAMES=nvptx-none
OFFLOAD_TARGET_DEFAULT=1
Target: x86_64-linux-gnu
Configured with: ../src/configure -v --with-pkgversion='Ubuntu 7.4.0-1ubuntu1~18.04.1' --with-bugurl=file:///usr/share/doc/gcc-7/README.Bugs --enable-languages=c,ada,c++,go,brig,d,fortran,objc,obj-c++ --prefix=/usr --with-gcc-major-version-only --program-suffix=-7 --program-prefix=x86_64-linux-gnu- --enable-shared --enable-linker-build-id --libexecdir=/usr/lib --without-included-gettext --enable-threads=posix --libdir=/usr/lib --enable-nls --with-sysroot=/ --enable-clocale=gnu --enable-libstdcxx-debug --enable-libstdcxx-time=yes --with-default-libstdcxx-abi=new --enable-gnu-unique-object --disable-vtable-verify --enable-libmpx --enable-plugin --enable-default-pie --with-system-zlib --with-target-system-zlib --enable-objc-gc=auto --enable-multiarch --disable-werror --with-arch-32=i686 --with-abi=m64 --with-multilib-list=m32,m64,mx32 --enable-multilib --with-tune=generic --enable-offload-targets=nvptx-none --without-cuda-driver --enable-checking=release --build=x86_64-linux-gnu --host=x86_64-linux-gnu --target=x86_64-linux-gnu
Thread model: posix
gcc version 7.4.0 (Ubuntu 7.4.0-1ubuntu1~18.04.1) 
configure:3146: $? = 0
configure:3135: gcc -V >&5
gcc: error: unrecognized command line option '-V'
gcc: fatal error: no input files
compilation terminated.
configure:3146: $? = 1
configure:3135: gcc -qversion >&5
gcc: error: unrecognized command line option '-qversion'; did you mean '--version'?
gcc: fatal error: no input files
compilation terminated.
configure:3146: $? = 1
configure:3166: checking whether the C compiler works
configure:3188: gcc    conftest.c  >&5
configure:3192: $? = 0
configure:3240: result: yes
configure:3243: checking for C compiler default output file name
configure:3245: result: a.out
configure:3251: checking for suffix of executables
configure:3258: gcc -o conftest    conftest.c  >&5
configure:3262: $? = 0
configure:3284: result: 
configure:3306: checking whether we are cross compiling
configure:3314: gcc -o conftest    conftest.c  >&5
configure:3318: $? = 0
configure:3325: ./conftest
configure:3329: $? = 0
configure:3344: result: no
configure:3349: checking for suffix of object files
configure:3371: gcc -c   conftest.c >&5
configure:3375: $? = 0
configure:3396: result: o
configure:3400: checking whether we are using the GNU C compiler
configure:3419: gcc -c   conftest.c >&5
configure:3419: $? = 0
configure:3428: result: yes
configure:3437: checking whether gcc accepts -g
configure:3457: gcc -c -g  conftest.c >&5
configure:3457: $? = 0
configure:3498: result: yes
configure:3515: checking for gcc option to accept ISO C89
configure:3578: gcc  -c -g -O2  conftest.c >&5
configure:3578: $? = 0
configure:3591: result: none needed
configure:3616: checking whether gcc understands -c and -o together
configure:3638: gcc -c conftest.c -o conftest2.o
configure:3641: $? = 0
configure:3638: gcc -c conftest.c -o conftest2.o
configure:3641: $? = 0
configure:3653: result: yes
configure:3681: checking for style of include used by make
configure:3709: result: GNU
configure:3735: checking dependency style of gcc
configure:3846: result: gcc3
configure:3864: checking for library containing libusb_init
configure:3895: gcc -o conftest -g -O2   conftest.c  >&5
/tmp/ccGb13gt.o: In function `main':
/home/nakul/Desktop/rogauracore/conftest.c:22: undefined reference to `libusb_init'
collect2: error: ld returned 1 exit status
configure:3895: $? = 1
configure: failed program was:
| /* confdefs.h */
| #define PACKAGE_NAME "rogauracore"
| #define PACKAGE_TARNAME "rogauracore"
| #define PACKAGE_VERSION "1.2"
| #define PACKAGE_STRING "rogauracore 1.2"
| #define PACKAGE_BUGREPORT "wildwilhelm@gmail.com"
| #define PACKAGE_URL ""
| #define PACKAGE "rogauracore"
| #define VERSION "1.2"
| /* end confdefs.h.  */
| 
| /* Override any GCC internal prototype to avoid an error.
|    Use char because int might match the return type of a GCC
|    builtin and then its argument prototype would still apply.  */
| #ifdef __cplusplus
| extern "C"
| #endif
| char libusb_init ();
| int
| main ()
| {
| return libusb_init ();
|   ;
|   return 0;
| }
configure:3895: gcc -o conftest -g -O2   conftest.c -lusb-1.0   >&5
configure:3895: $? = 0
configure:3912: result: -lusb-1.0
configure:3927: checking how to run the C preprocessor
configure:3958: gcc -E  conftest.c
configure:3958: $? = 0
configure:3972: gcc -E  conftest.c
conftest.c:11:10: fatal error: ac_nonexistent.h: No such file or directory
 #include <ac_nonexistent.h>
          ^~~~~~~~~~~~~~~~~~
compilation terminated.
configure:3972: $? = 1
configure: failed program was:
| /* confdefs.h */
| #define PACKAGE_NAME "rogauracore"
| #define PACKAGE_TARNAME "rogauracore"
| #define PACKAGE_VERSION "1.2"
| #define PACKAGE_STRING "rogauracore 1.2"
| #define PACKAGE_BUGREPORT "wildwilhelm@gmail.com"
| #define PACKAGE_URL ""
| #define PACKAGE "rogauracore"
| #define VERSION "1.2"
| /* end confdefs.h.  */
| #include <ac_nonexistent.h>
configure:3997: result: gcc -E
configure:4017: gcc -E  conftest.c
configure:4017: $? = 0
configure:4031: gcc -E  conftest.c
conftest.c:11:10: fatal error: ac_nonexistent.h: No such file or directory
 #include <ac_nonexistent.h>
          ^~~~~~~~~~~~~~~~~~
compilation terminated.
configure:4031: $? = 1
configure: failed program was:
| /* confdefs.h */
| #define PACKAGE_NAME "rogauracore"
| #define PACKAGE_TARNAME "rogauracore"
| #define PACKAGE_VERSION "1.2"
| #define PACKAGE_STRING "rogauracore 1.2"
| #define PACKAGE_BUGREPORT "wildwilhelm@gmail.com"
| #define PACKAGE_URL ""
| #define PACKAGE "rogauracore"
| #define VERSION "1.2"
| /* end confdefs.h.  */
| #include <ac_nonexistent.h>
configure:4060: checking for grep that handles long lines and -e
configure:4118: result: /bin/grep
configure:4123: checking for egrep
configure:4185: result: /bin/grep -E
configure:4190: checking for ANSI C header files
configure:4210: gcc -c -g -O2  conftest.c >&5
configure:4210: $? = 0
configure:4283: gcc -o conftest -g -O2   conftest.c -lusb-1.0  >&5
configure:4283: $? = 0
configure:4283: ./conftest
configure:4283: $? = 0
configure:4294: result: yes
configure:4307: checking for sys/types.h
configure:4307: gcc -c -g -O2  conftest.c >&5
configure:4307: $? = 0
configure:4307: result: yes
configure:4307: checking for sys/stat.h
configure:4307: gcc -c -g -O2  conftest.c >&5
configure:4307: $? = 0
configure:4307: result: yes
configure:4307: checking for stdlib.h
configure:4307: gcc -c -g -O2  conftest.c >&5
configure:4307: $? = 0
configure:4307: result: yes
configure:4307: checking for string.h
configure:4307: gcc -c -g -O2  conftest.c >&5
configure:4307: $? = 0
configure:4307: result: yes
configure:4307: checking for memory.h
configure:4307: gcc -c -g -O2  conftest.c >&5
configure:4307: $? = 0
configure:4307: result: yes
configure:4307: checking for strings.h
configure:4307: gcc -c -g -O2  conftest.c >&5
configure:4307: $? = 0
configure:4307: result: yes
configure:4307: checking for inttypes.h
configure:4307: gcc -c -g -O2  conftest.c >&5
configure:4307: $? = 0
configure:4307: result: yes
configure:4307: checking for stdint.h
configure:4307: gcc -c -g -O2  conftest.c >&5
configure:4307: $? = 0
configure:4307: result: yes
configure:4307: checking for unistd.h
configure:4307: gcc -c -g -O2  conftest.c >&5
configure:4307: $? = 0
configure:4307: result: yes
configure:4321: checking libusb-1.0/libusb.h usability
configure:4321: gcc -c -g -O2  conftest.c >&5
configure:4321: $? = 0
configure:4321: result: yes
configure:4321: checking libusb-1.0/libusb.h presence
configure:4321: gcc -E  conftest.c
configure:4321: $? = 0
configure:4321: result: yes
configure:4321: checking for libusb-1.0/libusb.h
configure:4321: result: yes
configure:4334: checking errno.h usability
configure:4334: gcc -c -g -O2  conftest.c >&5
configure:4334: $? = 0
configure:4334: result: yes
configure:4334: checking errno.h presence
configure:4334: gcc -E  conftest.c
configure:4334: $? = 0
configure:4334: result: yes
configure:4334: checking for errno.h
configure:4334: result: yes
configure:4334: checking for stdint.h
configure:4334: result: yes
configure:4334: checking for stdlib.h
configure:4334: result: yes
configure:4334: checking for string.h
configure:4334: result: yes
configure:4334: checking for strings.h
configure:4334: result: yes
configure:4334: checking for unistd.h
configure:4334: result: yes
configure:4346: checking for uint16_t
configure:4346: gcc -c -g -O2  conftest.c >&5
configure:4346: $? = 0
configure:4346: result: yes
configure:4358: checking for uint32_t
configure:4358: gcc -c -g -O2  conftest.c >&5
configure:4358: $? = 0
configure:4358: result: yes
configure:4372: checking for uint8_t
configure:4372: gcc -c -g -O2  conftest.c >&5
configure:4372: $? = 0
configure:4372: result: yes
configure:4391: checking for memset
configure:4391: gcc -o conftest -g -O2   conftest.c -lusb-1.0  >&5
conftest.c:51:6: warning: conflicting types for built-in function 'memset' [-Wbuiltin-declaration-mismatch]
 char memset ();
      ^~~~~~
configure:4391: $? = 0
configure:4391: result: yes
configure:4391: checking for strtol
configure:4391: gcc -o conftest -g -O2   conftest.c -lusb-1.0  >&5
configure:4391: $? = 0
configure:4391: result: yes
configure:4512: checking that generated files are newer than configure
configure:4518: result: done
configure:4541: creating ./config.status

## ---------------------- ##
## Running config.status. ##
## ---------------------- ##

This file was extended by rogauracore config.status 1.2, which was
generated by GNU Autoconf 2.69.  Invocation command line was

  CONFIG_FILES    = 
  CONFIG_HEADERS  = 
  CONFIG_LINKS    = 
  CONFIG_COMMANDS = 
  $ ./config.status 

on pal

config.status:862: creating Makefile
config.status:862: creating config.h
config.status:1043: config.h is unchanged
config.status:1091: executing depfiles commands

## ---------------- ##
## Cache variables. ##
## ---------------- ##

ac_cv_c_compiler_gnu=yes
ac_cv_c_uint16_t=yes
ac_cv_c_uint32_t=yes
ac_cv_c_uint8_t=yes
ac_cv_env_CC_set=
ac_cv_env_CC_value=
ac_cv_env_CFLAGS_set=
ac_cv_env_CFLAGS_value=
ac_cv_env_CPPFLAGS_set=
ac_cv_env_CPPFLAGS_value=
ac_cv_env_CPP_set=
ac_cv_env_CPP_value=
ac_cv_env_LDFLAGS_set=
ac_cv_env_LDFLAGS_value=
ac_cv_env_LIBS_set=
ac_cv_env_LIBS_value=
ac_cv_env_build_alias_set=
ac_cv_env_build_alias_value=
ac_cv_env_host_alias_set=
ac_cv_env_host_alias_value=
ac_cv_env_target_alias_set=
ac_cv_env_target_alias_value=
ac_cv_func_memset=yes
ac_cv_func_strtol=yes
ac_cv_header_errno_h=yes
ac_cv_header_inttypes_h=yes
ac_cv_header_libusb_1_0_libusb_h=yes
ac_cv_header_memory_h=yes
ac_cv_header_stdc=yes
ac_cv_header_stdint_h=yes
ac_cv_header_stdlib_h=yes
ac_cv_header_string_h=yes
ac_cv_header_strings_h=yes
ac_cv_header_sys_stat_h=yes
ac_cv_header_sys_types_h=yes
ac_cv_header_unistd_h=yes
ac_cv_objext=o
ac_cv_path_EGREP='/bin/grep -E'
ac_cv_path_GREP=/bin/grep
ac_cv_path_install='/usr/bin/install -c'
ac_cv_path_mkdir=/bin/mkdir
ac_cv_prog_AWK=gawk
ac_cv_prog_CPP='gcc -E'
ac_cv_prog_ac_ct_CC=gcc
ac_cv_prog_cc_c89=
ac_cv_prog_cc_g=yes
ac_cv_prog_make_make_set=yes
ac_cv_search_libusb_init=-lusb-1.0
am_cv_CC_dependencies_compiler_type=gcc3
am_cv_make_support_nested_variables=yes
am_cv_prog_cc_c_o=yes

## ----------------- ##
## Output variables. ##
## ----------------- ##

ACLOCAL='${SHELL} /home/nakul/Desktop/rogauracore/config/missing aclocal-1.15'
AMDEPBACKSLASH='\'
AMDEP_FALSE='#'
AMDEP_TRUE=''
AMTAR='$${TAR-tar}'
AM_BACKSLASH='\'
AM_DEFAULT_V='$(AM_DEFAULT_VERBOSITY)'
AM_DEFAULT_VERBOSITY='1'
AM_V='$(V)'
AUTOCONF='${SHELL} /home/nakul/Desktop/rogauracore/config/missing autoconf'
AUTOHEADER='${SHELL} /home/nakul/Desktop/rogauracore/config/missing autoheader'
AUTOMAKE='${SHELL} /home/nakul/Desktop/rogauracore/config/missing automake-1.15'
AWK='gawk'
CC='gcc'
CCDEPMODE='depmode=gcc3'
CFLAGS='-g -O2'
CPP='gcc -E'
CPPFLAGS=''
CYGPATH_W='echo'
DEFS='-DHAVE_CONFIG_H'
DEPDIR='.deps'
ECHO_C=''
ECHO_N='-n'
ECHO_T=''
EGREP='/bin/grep -E'
EXEEXT=''
GREP='/bin/grep'
INSTALL_DATA='${INSTALL} -m 644'
INSTALL_PROGRAM='${INSTALL}'
INSTALL_SCRIPT='${INSTALL}'
INSTALL_STRIP_PROGRAM='$(install_sh) -c -s'
LDFLAGS=''
LIBOBJS=''
LIBS='-lusb-1.0 '
LTLIBOBJS=''
MAKEINFO='${SHELL} /home/nakul/Desktop/rogauracore/config/missing makeinfo'
MKDIR_P='/bin/mkdir -p'
OBJEXT='o'
PACKAGE='rogauracore'
PACKAGE_BUGREPORT='wildwilhelm@gmail.com'
PACKAGE_NAME='rogauracore'
PACKAGE_STRING='rogauracore 1.2'
PACKAGE_TARNAME='rogauracore'
PACKAGE_URL=''
PACKAGE_VERSION='1.2'
PATH_SEPARATOR=':'
SET_MAKE=''
SHELL='/bin/bash'
STRIP=''
VERSION='1.2'
ac_ct_CC='gcc'
am__EXEEXT_FALSE=''
am__EXEEXT_TRUE='#'
am__fastdepCC_FALSE='#'
am__fastdepCC_TRUE=''
am__include='include'
am__isrc=''
am__leading_dot='.'
am__nodep='_no'
am__quote=''
am__tar='$${TAR-tar} chof - "$$tardir"'
am__untar='$${TAR-tar} xf -'
bindir='${exec_prefix}/bin'
build_alias=''
datadir='${datarootdir}'
datarootdir='${prefix}/share'
docdir='${datarootdir}/doc/${PACKAGE_TARNAME}'
dvidir='${docdir}'
exec_prefix='${prefix}'
host_alias=''
htmldir='${docdir}'
includedir='${prefix}/include'
infodir='${datarootdir}/info'
install_sh='${SHELL} /home/nakul/Desktop/rogauracore/config/install-sh'
libdir='${exec_prefix}/lib'
libexecdir='${exec_prefix}/libexec'
localedir='${datarootdir}/locale'
localstatedir='${prefix}/var'
mandir='${datarootdir}/man'
mkdir_p='$(MKDIR_P)'
oldincludedir='/usr/include'
pdfdir='${docdir}'
prefix='/usr/local'
program_transform_name='s,x,x,'
psdir='${docdir}'
runstatedir='${localstatedir}/run'
sbindir='${exec_prefix}/sbin'
sharedstatedir='${prefix}/com'
sysconfdir='${prefix}/etc'
target_alias=''

## ----------- ##
## confdefs.h. ##
## ----------- ##

/* confdefs.h */
#define PACKAGE_NAME "rogauracore"
#define PACKAGE_TARNAME "rogauracore"
#define PACKAGE_VERSION "1.2"
#define PACKAGE_STRING "rogauracore 1.2"
#define PACKAGE_BUGREPORT "wildwilhelm@gmail.com"
#define PACKAGE_URL ""
#define PACKAGE "rogauracore"
#define VERSION "1.2"
#define STDC_HEADERS 1
#define HAVE_SYS_TYPES_H 1
#define HAVE_SYS_STAT_H 1
#define HAVE_STDLIB_H 1
#define HAVE_STRING_H 1
#define HAVE_MEMORY_H 1
#define HAVE_STRINGS_H 1
#define HAVE_INTTYPES_H 1
#define HAVE_STDINT_H 1
#define HAVE_UNISTD_H 1
#define HAVE_LIBUSB_1_0_LIBUSB_H 1
#define HAVE_ERRNO_H 1
#define HAVE_STDINT_H 1
#define HAVE_STDLIB_H 1
#define HAVE_STRING_H 1
#define HAVE_STRINGS_H 1
#define HAVE_UNISTD_H 1
#define HAVE_MEMSET 1
#define HAVE_STRTOL 1

configure: exit 0
